<?xml version="1.0" encoding="UTF-8"?>
<!-- Generated by org.testng.reporters.JUnitXMLReporter -->
<testsuite ignored="0" hostname="DESKTOP-QLKFNLE" failures="0" tests="4" name="Default test" time="26.906" errors="0" timestamp="2022-02-06T21:43:02 GST">
  <testcase classname="com.blazeTest.tests.BlazeTests" name="SignUp" time="3.557"/>
  <testcase classname="com.blazeTest.tests.BlazeTests" name="login" time="2.9"/>
  <testcase classname="com.blazeTest.tests.BlazeTests" name="addProduct" time="3.535"/>
  <testcase classname="com.blazeTest.tests.BlazeTests" name="placeOrder" time="2.885"/>
</testsuite> <!-- Default test -->
